  Preprocessing: Template.cl
  Ignoring -TARGETOS option - not supported for 64-bit version of this tool
  OpenCL Intel(R) Graphics device was found!
  Device name: Intel(R) HD Graphics 620
  Device version: OpenCL 2.1 
  Device vendor: Intel(R) Corporation
  Device profile: FULL_PROFILE
  fcl build 1 succeeded.
  bcl build succeeded.
  
  vector_add info:
  	Maximum work-group size: 256
  	Compiler work-group size: (0, 0, 0)
  	Local memory size: 0
  	Preferred multiple of work-group size: 32
  	Minimum amount of private memory: 0
  	Amount of spill memory used by the kernel: 0
  
  Build succeeded!
  
  GPUOpenCLProjectforWindows.cpp
GPUOpenCLProjectforWindows.cpp(32): warning C4996: 'fopen': This function or variable may be unsafe. Consider using fopen_s instead. To disable deprecation, use _CRT_SECURE_NO_WARNINGS. See online help for details.
  C:\Program Files (x86)\Windows Kits\10\Include\10.0.15063.0\ucrt\stdio.h(207): note: see declaration of 'fopen'
GPUOpenCLProjectforWindows.cpp(85): warning C4996: 'clCreateCommandQueue': was declared deprecated
  C:\Intel\OpenCL\sdk\include\CL/cl.h(1428): note: see declaration of 'clCreateCommandQueue'
GPUOpenCLProjectforWindows.cpp(88): warning C4996: 'clCreateCommandQueue': was declared deprecated
  C:\Intel\OpenCL\sdk\include\CL/cl.h(1428): note: see declaration of 'clCreateCommandQueue'
  Generating code
  1 of 6 functions (16.7%) were compiled, the rest were copied from previous compilation.
    0 functions were new in current compilation
    0 functions had inline decision re-evaluated but remain unchanged
  Finished generating code
  GPUOpenCLProject1.vcxproj -> C:\Users\lenny\source\repos\GPUOpenCLProject1\x64\Release\GPUOpenCLProject1.exe
  Template.cl
          1 file(s) copied.
